[20:38:14] [ServerMain/INFO]: [bootstrap] Running Java 21 (Java HotSpot(TM) 64-Bit Server VM 21.0.9+7-LTS-338; Oracle Corporation null) on Windows 10 10.0 (amd64)
[20:38:14] [ServerMain/INFO]: [bootstrap] Loading Purpur 1.21.8-2497-HEAD@a49cdb9 (2025-09-19T01:51:04Z) for Minecraft 1.21.8
[20:38:16] [ServerMain/INFO]: [PluginInitializerManager] Initializing plugins...
[20:38:16] [ServerMain/INFO]: [PluginInitializerManager] Initialized 0 plugins
[20:38:22] [ServerMain/INFO]: Environment: Environment[sessionHost=https://sessionserver.mojang.com, servicesHost=https://api.minecraftservices.com, name=PROD]
[20:38:23] [ServerMain/INFO]: Loaded 1407 recipes
[20:38:24] [ServerMain/INFO]: Loaded 1520 advancements
[20:38:24] [ServerMain/INFO]: [ca.spottedleaf.dataconverter.minecraft.datatypes.MCTypeRegistry] Initialising converters for DataConverter...
[20:38:24] [ServerMain/INFO]: [ca.spottedleaf.dataconverter.minecraft.datatypes.MCTypeRegistry] Finished initialising converters for DataConverter in 392.1ms
[20:38:25] [Server thread/INFO]: Starting minecraft server version 1.21.8
[20:38:25] [Server thread/INFO]: Loading properties
[20:38:25] [Server thread/INFO]: This server is running Purpur version 1.21.8-2497-HEAD@a49cdb9 (2025-09-19T01:51:04Z) (Implementing API version 1.21.8-R0.1-SNAPSHOT)
[20:38:25] [Server thread/INFO]: [spark] This server bundles the spark profiler. For more information please visit https://docs.papermc.io/paper/profiling
[20:38:25] [Server thread/INFO]: Server Ping Player Sample Count: 12
[20:38:25] [Server thread/INFO]: Using 4 threads for Netty based IO
[20:38:26] [Server thread/INFO]: [MoonriseCommon] Paper is using 4 worker threads, 1 I/O threads
[20:38:26] [Server thread/INFO]: [ChunkTaskScheduler] Chunk system is using population gen parallelism: true
[20:38:27] [Server thread/INFO]: Default game type: SURVIVAL
[20:38:27] [Server thread/INFO]: Generating keypair
[20:38:27] [Server thread/INFO]: Starting Minecraft server on *:25565
[20:38:27] [Server thread/INFO]: Using default channel type
[20:38:27] [Server thread/INFO]: Paper: Using Java compression from Velocity.
[20:38:27] [Server thread/INFO]: Paper: Using Java cipher from Velocity.
[20:38:27] [Server thread/INFO]: Server permissions file permissions.yml is empty, ignoring it
[20:38:27] [Server thread/WARN]: **** SERVER IS RUNNING IN OFFLINE/INSECURE MODE!
[20:38:27] [Server thread/WARN]: The server will make no attempt to authenticate usernames. Beware.
[20:38:27] [Server thread/WARN]: While this makes the game possible to play without internet access, it also opens up the ability for hackers to connect with any username they choose.
[20:38:27] [Server thread/WARN]: To change this, set "online-mode" to "true" in the server.properties file.
[20:38:27] [Server thread/INFO]: Preparing level "world"
[20:38:28] [Server thread/INFO]: Preparing start region for dimension minecraft:overworld
[20:38:28] [Server thread/INFO]: Preparing spawn area: 0%
[20:38:29] [Server thread/INFO]: Preparing spawn area: 2%
[20:38:29] [Server thread/INFO]: Time elapsed: 1001 ms
[20:38:29] [Server thread/INFO]: Preparing start region for dimension minecraft:the_nether
[20:38:29] [Server thread/INFO]: Preparing spawn area: 0%
[20:38:29] [Server thread/INFO]: Time elapsed: 155 ms
[20:38:29] [Server thread/INFO]: Preparing start region for dimension minecraft:the_end
[20:38:29] [Server thread/INFO]: Preparing spawn area: 0%
[20:38:29] [Server thread/INFO]: Time elapsed: 154 ms
[20:38:30] [Server thread/INFO]: [spark] Starting background profiler...
[20:38:30] [Server thread/INFO]: [spark] The async-profiler engine is not supported for your os/arch (windows10/amd64), so the built-in Java engine will be used instead.
[20:38:30] [Server thread/INFO]: Done preparing level "world" (2.526s)
[20:38:30] [Server thread/INFO]: Running delayed init tasks
[20:38:30] [Server thread/INFO]: Done (16.160s)! For help, type "help"
[20:45:03] [User Authenticator #0/INFO]: UUID of player hulai is 4f98c68e-de55-399d-b2de-f3ff94cb2b37
[20:45:04] [Server thread/INFO]: hulai joined the game
[20:45:04] [Server thread/INFO]: hulai[/127.0.0.1:8576] logged in with entity id 79 at ([world]-96.48625189799584, 67.0, 97.17572571573875)
[20:46:27] [Server thread/INFO]: hulai drowned
[20:48:25] [Server thread/INFO]: hulai lost connection: Disconnected
[20:48:25] [Server thread/INFO]: hulai left the game
[20:59:55] [User Authenticator #1/INFO]: UUID of player hulai is 4f98c68e-de55-399d-b2de-f3ff94cb2b37
[20:59:56] [Server thread/INFO]: hulai joined the game
[20:59:56] [Server thread/INFO]: hulai[/127.0.0.1:11464] logged in with entity id 1190 at ([world]-180.73924933475305, 64.0, 248.00228138056653)
[21:00:06] [Server thread/INFO]: hulai issued server command: /gamemode 1
[21:01:03] [Server thread/INFO]: hulai has made the advancement [Monster Hunter]
